<?xml version="1.0" encoding="UTF-8" ?>
<testsuite tests="3" failures="0" name="com.daw.ProductoTest" time="0.003" errors="0" skipped="0">
  <properties>
[...]
</properties>
  <testcase classname="com.daw.ProductoTest" name="com.daw.ProductoTest.testGettersSetters" time="0.003"/>
  <testcase classname="com.daw.ProductoTest" name="com.daw.ProductoTest.testConstructor" time="0"/>
  <testcase classname="com.daw.ProductoTest" name="com.daw.ProductoTest.testConstructorPrecioNegativo" time="0"/>
</testsuite>