<?xml version="1.0" encoding="UTF-8"?>
<testsuite xmlns:xsi="http://www.w3.org/2001/XMLSchema-instance" xsi:noNamespaceSchemaLocation="https://maven.apache.org/surefire/maven-surefire-plugin/xsd/surefire-test-report-3.0.xsd" version="3.0" name="com.daw.PedidoTest" time="0.034" tests="9" errors="0" skipped="0" failures="0">
  <properties>
[...]
</properties>
  <testcase name="testGettersSetters" classname="com.daw.PedidoTest" time="0.014"/>
  <testcase name="testCalculoIVA" classname="com.daw.PedidoTest" time="0.001"/>
  <testcase name="testCalculoEnvio" classname="com.daw.PedidoTest" time="0.001"/>
  <testcase name="testCalculoPrecioTotal" classname="com.daw.PedidoTest" time="0.001"/>
  <testcase name="testAddProductoExistente" classname="com.daw.PedidoTest" time="0.0"/>
  <testcase name="testRemoveProducto" classname="com.daw.PedidoTest" time="0.0"/>
  <testcase name="testExcepciones" classname="com.daw.PedidoTest" time="0.002"/>
  <testcase name="testAddProducto" classname="com.daw.PedidoTest" time="0.0"/>
  <testcase name="testConstructor" classname="com.daw.PedidoTest" time="0.0"/>
</testsuite>