<?xml version="1.0" encoding="UTF-8"?>
<testsuite xmlns:xsi="http://www.w3.org/2001/XMLSchema-instance" xsi:noNamespaceSchemaLocation="https://maven.apache.org/surefire/maven-surefire-plugin/xsd/surefire-test-report-3.0.xsd" version="3.0" name="com.daw.TiendaTest" time="0.083" tests="3" errors="0" skipped="0" failures="0">
  <properties>
[...]
</properties>
  <testcase name="testRealizarVenta(int, boolean, String, double, int, double, int, double, int, double, double, double, double, double, double)[1]" classname="com.daw.TiendaTest" time="0.04"/>
  <testcase name="testRealizarVenta(int, boolean, String, double, int, double, int, double, int, double, double, double, double, double, double)[2]" classname="com.daw.TiendaTest" time="0.002"/>
  <testcase name="testRealizarVenta(int, boolean, String, double, int, double, int, double, int, double, double, double, double, double, double)[3]" classname="com.daw.TiendaTest" time="0.002"/>
</testsuite>